<?xml version="1.0" encoding="UTF-8"?>
<!-- Generated by org.testng.reporters.JUnitReportReporter -->
<testsuite hostname="DESKTOP-B2O7F6V" failures="0" tests="1" name="TestCases.TestCase_0001_OpenBrowserAndURL" time="38.175" errors="0" timestamp="18 Nov 2017 08:29:44 GMT" skipped="0">
  <testcase classname="TestCases.TestCase_0001_OpenBrowserAndURL" name="OpenBrowser" time="38.175"/>
</testsuite> <!-- TestCases.TestCase_0001_OpenBrowserAndURL -->
