<?xml version="1.0" encoding="UTF-8"?>
<!-- Generated by org.testng.reporters.JUnitReportReporter -->
<testsuite hostname="DESKTOP-B2O7F6V" failures="0" tests="1" name="Pages.HomePage" time="34.613" errors="0" timestamp="18 Nov 2017 07:41:03 GMT" skipped="0">
  <testcase classname="Pages.HomePage" name="openbrowserandurl" time="34.613"/>
</testsuite> <!-- Pages.HomePage -->
