<?xml version="1.0" encoding="UTF-8"?>
<!-- Generated by org.testng.reporters.JUnitReportReporter -->
<testsuite hostname="DESKTOP-B2O7F6V" failures="0" tests="1" name="Common.common" time="16.287" errors="0" timestamp="17 Nov 2017 17:07:36 GMT" skipped="0">
  <testcase classname="Common.common" name="openbrowserandurl" time="16.287"/>
</testsuite> <!-- Common.common -->
